2026-07-08 08:00:01 [INFO] SystemBoot: Initializing core microservices framework...
2026-07-08 08:00:05 [INFO] DatabaseService: Establishing master connection pool (Max: 50).
2026-07-08 08:00:08 [INFO] AuthService: RSA keypair loaded successfully for JWT verification.
2026-07-08 08:00:12 [INFO] GatewayService: Reverse proxy listening on port 443.
2026-07-08 08:01:45 [INFO] AuthService: User 'jdoe' logged in successfully from IP 192.168.1.45.
2026-07-08 08:02:11 [INFO] InventoryService: Cache synchronized with main product catalog (12,450 items).
2026-07-08 08:03:14 [INFO] OrderService: Order #10041 placed successfully by user 'jdoe'.
2026-07-08 08:03:15 [INFO] PaymentGateway: Processing credit card transaction for Order #10041.
2026-07-08 08:03:17 [INFO] PaymentGateway: Settlement successful for ID txn_88321.
2026-07-08 08:05:22 [INFO] AuthService: User 'asmith' logged in successfully from IP 172.16.4.12.
2026-07-08 08:06:01 [WARNING] DatabaseService: Connection pool reaching 80% capacity (40/50 active).
2026-07-08 08:06:12 [INFO] OrderService: Order #10042 placed successfully by user 'asmith'.
2026-07-08 08:06:45 [ERROR] PaymentGateway: Transaction failed for ID txn_88322. Error: Timeout communicating with external API.
2026-07-08 08:07:02 [WARNING] OrderService: Retrying payment verification for Order #10042 (Attempt 1/3).
2026-07-08 08:07:05 [INFO] PaymentGateway: Settlement successful for ID txn_88322 on retry.
2026-07-08 08:09:18 [INFO] AuthService: User 'm_zeydan' logged in successfully from IP 192.168.1.88.
2026-07-08 08:10:44 [INFO] InventoryService: Product ID 4402 stock updated (+50 items).
2026-07-08 08:12:00 [INFO] AuthService: User 'r_nadam' requested password reset token.
2026-07-08 08:12:30 [INFO] NotificationService: Dispatched password reset email to user 'r_nadam'.
2026-07-08 08:14:55 [INFO] AuthService: User 'clara_b' logged in successfully from IP 192.168.1.112.
2026-07-08 08:15:34 [WARNING] DatabaseService: Connection pool reaching 92% capacity (46/50 active).
2026-07-08 08:15:40 [CRITICAL] DatabaseService: Database connection pool exhausted! Deadlock detected on table 'orders'.
2026-07-08 08:15:41 [ERROR] OrderService: Cannot create Order #10043. Error: Internal Server Error (500) from DatabaseService.
2026-07-08 08:15:45 [INFO] DatabaseService: Purging stale connections. Dropped 12 idle sessions.
2026-07-08 08:15:50 [INFO] DatabaseService: Active connections restored to nominal operating levels (34/50).
2026-07-08 08:18:22 [ERROR] PaymentGateway: Transaction failed for ID txn_88325. Error: Timeout communicating with external API.
2026-07-08 08:20:11 [INFO] AuthService: User 'jdoe' logged out.
2026-07-08 08:22:19 [ERROR] InventoryService: Failed to load product image for ID 1092. Error: FileNotFoundError.
2026-07-08 08:25:02 [WARNING] NotificationService: SMS gateway delayed response time (5200ms).
2026-07-08 08:25:15 [INFO] NotificationService: SMS gateway fallback to secondary provider successful.
2026-07-08 08:28:40 [INFO] OrderService: Order #10044 placed successfully by user 'clara_b'.
2026-07-08 08:30:55 [ERROR] PaymentGateway: Transaction failed for ID txn_88329. Error: Timeout communicating with external API.
2026-07-08 08:35:18 [ERROR] InventoryService: Failed to load product image for ID 1092. Error: FileNotFoundError.
2026-07-08 08:40:00 [INFO] AnalyticsService: Hourly system health report generated successfully.
2026-07-08 08:42:15 [INFO] AuthService: User 't_evans' logged in successfully from IP 192.168.2.14.
2026-07-08 08:45:33 [INFO] InventoryService: Product ID 8819 stock updated (-2 items).
2026-07-08 08:48:10 [INFO] OrderService: Order #10045 placed successfully by user 't_evans'.
2026-07-08 08:52:04 [INFO] AuthService: User 'asmith' logged out.
2026-07-08 08:55:12 [WARNING] GatewayService: High response latency detected on endpoint /api/v1/inventory (Avg: 1250ms).
2026-07-08 08:58:29 [INFO] InventoryService: Garbage collection executed. Freed 45MB heap memory.
2026-07-08 09:00:02 [INFO] AnalyticsService: Starting data warehousing extraction sync job...
2026-07-08 09:01:15 [INFO] AuthService: User 'k_jones' logged in successfully from IP 192.168.1.201.
2026-07-08 09:02:44 [INFO] OrderService: Order #10046 placed successfully by user 'k_jones'.
2026-07-08 09:03:11 [ERROR] PaymentGateway: Transaction failed for ID txn_88331. Error: Card declined (Insufficient Funds).
2026-07-08 09:05:50 [WARNING] DatabaseService: Connection pool reaching 84% capacity (42/50 active).
2026-07-08 09:06:18 [ERROR] PaymentGateway: Transaction failed for ID txn_88332. Error: Timeout communicating with external API.
2026-07-08 09:08:02 [INFO] AuthService: User 'm_zeydan' session renewed.
2026-07-08 09:11:23 [INFO] InventoryService: Product ID 1092 image uploaded successfully. Cache updated.
2026-07-08 09:14:45 [INFO] OrderService: Order #10047 placed successfully by user 'm_zeydan'.
2026-07-08 09:15:02 [INFO] PaymentGateway: Settlement successful for ID txn_88335.
2026-07-08 09:18:37 [WARNING] NotificationService: Email delivery queue exceeding 500 pending items.
2026-07-08 09:20:12 [INFO] NotificationService: Allocating secondary worker threads for email queue.
2026-07-08 09:22:41 [INFO] AuthService: User 'v_green' logged in successfully from IP 172.16.8.55.
2026-07-08 09:24:09 [INFO] InventoryService: Product ID 5510 stock updated (+120 items).
2026-07-08 09:26:55 [ERROR] PaymentGateway: Transaction failed for ID txn_88340. Error: Timeout communicating with external API.
2026-07-08 09:28:14 [WARNING] DatabaseService: Query execution time exceeded warning threshold (SELECT * FROM orders WHERE status = 'PENDING'). Took 3420ms.
2026-07-08 09:30:00 [INFO] AnalyticsService: Hourly system health report generated successfully.
2026-07-08 09:32:11 [INFO] AuthService: User 'clara_b' logged out.
2026-07-08 09:35:44 [INFO] OrderService: Order #10048 placed successfully by user 'v_green'.
2026-07-08 09:39:19 [WARNING] GatewayService: High response latency detected on endpoint /api/v1/orders (Avg: 1840ms).
2026-07-08 09:41:05 [INFO] AuthService: User 'd_white' logged in successfully from IP 192.168.1.150.
2026-07-08 09:44:22 [ERROR] PaymentGateway: Transaction failed for ID txn_88344. Error: Timeout communicating with external API.
2026-07-08 09:46:13 [INFO] InventoryService: Product ID 9901 stock updated (-1 items).
2026-07-08 09:49:50 [WARNING] DatabaseService: Connection pool reaching 88% capacity (44/50 active).
2026-07-08 09:50:11 [CRITICAL] DatabaseService: Database connection lost! Fatal network socket exception on primary cluster node.
2026-07-08 09:50:12 [ERROR] AuthService: Cannot validate token. Error: Database unavailable.
2026-07-08 09:50:15 [ERROR] OrderService: Cannot create Order #10049. Error: Database unavailable.
2026-07-08 09:50:22 [WARNING] GatewayService: Circuit breaker triggered for DatabaseService. Routing traffic to read-only replica.
2026-07-08 09:51:05 [INFO] DatabaseService: Primary cluster failover sequence initiated. Promoting node_02 to master.
2026-07-08 09:51:45 [INFO] DatabaseService: Reconnection to new master successful. Active connections restored.
2026-07-08 09:52:10 [WARNING] GatewayService: Circuit breaker reset. Normal routing resumed.
2026-07-08 09:54:33 [INFO] OrderService: Retrying failed Order #10049. Success.
2026-07-08 09:56:18 [INFO] AuthService: User 'd_white' session restored successfully.
2026-07-08 09:58:01 [INFO] NotificationService: Pending email queue cleared completely.
2026-07-08 10:00:00 [INFO] AnalyticsService: Hourly system health report generated successfully.
2026-07-08 10:02:14 [INFO] AuthService: User 'l_miller' logged in successfully from IP 192.168.3.99.
2026-07-08 10:05:40 [INFO] InventoryService: Product ID 2204 stock updated (-5 items).
2026-07-08 10:08:22 [ERROR] PaymentGateway: Transaction failed for ID txn_88350. Error: Timeout communicating with external API.
2026-07-08 10:11:05 [WARNING] NotificationService: SMS gateway delayed response time (6100ms).
2026-07-08 10:14:59 [INFO] OrderService: Order #10050 placed successfully by user 'l_miller'.
2026-07-08 10:15:05 [INFO] PaymentGateway: Settlement successful for ID txn_88351.
2026-07-08 10:18:12 [INFO] AuthService: User 'v_green' logged out.
2026-07-08 10:22:44 [INFO] InventoryService: Product ID 7741 stock updated (+15 items).
2026-07-08 10:25:31 [WARNING] DatabaseService: Connection pool reaching 82% capacity (41/50 active).
2026-07-08 10:30:00 [INFO] AnalyticsService: Macro system performance checkpoint reached. Status: STABLE.